<?xml version="1.0" encoding="UTF-8"?>
<testng-results skipped="0" failed="0" total="1" passed="1">
  <reporter-output>
  </reporter-output>
  <suite name="Default suite" duration-ms="3675" started-at="2016-04-25T08:03:15Z" finished-at="2016-04-25T08:03:19Z">
    <groups>
    </groups>
    <test name="Default test" duration-ms="3675" started-at="2016-04-25T08:03:15Z" finished-at="2016-04-25T08:03:19Z">
      <class name="com.rawq.autoweb.actions.AutoStartTest">
        <test-method status="PASS" signature="run()[pri:0, instance:com.rawq.autoweb.actions.AutoStartTest@1fde5d22]" name="run" duration-ms="3654" started-at="2016-04-25T16:03:15Z" finished-at="2016-04-25T16:03:19Z">
          <reporter-output>
          </reporter-output>
        </test-method> <!-- run -->
      </class> <!-- com.rawq.autoweb.actions.AutoStartTest -->
    </test> <!-- Default test -->
  </suite> <!-- Default suite -->
</testng-results>
